-- The C compiler identification is GNU 13.1.0
-- The CXX compiler identification is GNU 13.1.0
-- Detecting C compiler ABI info
-- Detecting C compiler ABI info - done
-- Check for working C compiler: /usr/bin/cc - skipped
-- Detecting C compile features
-- Detecting C compile features - done
-- Detecting CXX compiler ABI info
-- Detecting CXX compiler ABI info - done
-- Check for working CXX compiler: /usr/bin/c++ - skipped
-- Detecting CXX compile features
-- Detecting CXX compile features - done
--  * Release Mode
[33mCMake Warning at CMakeLists.txt:52 (message):
  * ROS2 distro variable not set.  Trying to figure it out...

[0m
[31mCMake Error at CMakeLists.txt:81 (message):
  *** WARNING *** ROS2 distro is unknown.  This package could not work
  correctly.

[0m
-- Configuring incomplete, errors occurred!
See also "/home/rem/ros2_ws/ldrobot-lidar-ros2/build/ldlidar_component/CMakeFiles/CMakeOutput.log".
