[0.015s] Invoking command in '/home/rem/ros2_ws/ldrobot-lidar-ros2/build/ldlidar_component': /usr/bin/cmake /home/rem/ros2_ws/ldrobot-lidar-ros2/ldlidar_component -DCMAKE_INSTALL_PREFIX=/home/rem/ros2_ws/ldrobot-lidar-ros2/install/ldlidar_component
[0.205s] -- The C compiler identification is GNU 13.1.0
[0.378s] -- The CXX compiler identification is GNU 13.1.0
[0.401s] -- Detecting C compiler ABI info
[0.549s] -- Detecting C compiler ABI info - done
[0.568s] -- Check for working C compiler: /usr/bin/cc - skipped
[0.570s] -- Detecting C compile features
[0.571s] -- Detecting C compile features - done
[0.580s] -- Detecting CXX compiler ABI info
[0.727s] -- Detecting CXX compiler ABI info - done
[0.746s] -- Check for working CXX compiler: /usr/bin/c++ - skipped
[0.747s] -- Detecting CXX compile features
[0.748s] -- Detecting CXX compile features - done
[0.750s] --  * Release Mode
[0.750s] [33mCMake Warning at CMakeLists.txt:52 (message):
[0.750s]   * ROS2 distro variable not set.  Trying to figure it out...
[0.750s] 
[0.750s] [0m
[0.753s] [31mCMake Error at CMakeLists.txt:81 (message):
[0.753s]   *** WARNING *** ROS2 distro is unknown.  This package could not work
[0.753s]   correctly.
[0.754s] 
[0.754s] [0m
[0.754s] -- Configuring incomplete, errors occurred!
[0.754s] See also "/home/rem/ros2_ws/ldrobot-lidar-ros2/build/ldlidar_component/CMakeFiles/CMakeOutput.log".
[0.764s] Invoked command in '/home/rem/ros2_ws/ldrobot-lidar-ros2/build/ldlidar_component' returned '1': /usr/bin/cmake /home/rem/ros2_ws/ldrobot-lidar-ros2/ldlidar_component -DCMAKE_INSTALL_PREFIX=/home/rem/ros2_ws/ldrobot-lidar-ros2/install/ldlidar_component
